<?xml version="1.0" encoding="UTF-8"?>
<testng-results skipped="0" failed="0" total="2" passed="2">
  <reporter-output>
  </reporter-output>
  <suite name="Default suite" duration-ms="224" started-at="2021-06-28T06:24:18Z" finished-at="2021-06-28T06:24:18Z">
    <groups>
    </groups>
    <test name="Default test" duration-ms="224" started-at="2021-06-28T06:24:18Z" finished-at="2021-06-28T06:24:18Z">
      <class name="SampleJune16.Testngsamplejune16two">
        <test-method status="PASS" signature="tc0()[pri:0, instance:SampleJune16.Testngsamplejune16two@29ee9faa]" name="tc0" duration-ms="111" started-at="2021-06-28T11:54:18Z" finished-at="2021-06-28T11:54:18Z">
          <reporter-output>
          </reporter-output>
        </test-method> <!-- tc0 -->
        <test-method status="PASS" signature="tc1()[pri:0, instance:SampleJune16.Testngsamplejune16two@29ee9faa]" name="tc1" duration-ms="11" started-at="2021-06-28T11:54:18Z" finished-at="2021-06-28T11:54:18Z">
          <reporter-output>
          </reporter-output>
        </test-method> <!-- tc1 -->
      </class> <!-- SampleJune16.Testngsamplejune16two -->
    </test> <!-- Default test -->
  </suite> <!-- Default suite -->
</testng-results>
